<?xml version="1.0" encoding="UTF-8"?>
<!-- Generated by org.testng.reporters.JUnitReportReporter -->
<testsuite hostname="DESKTOP-VC8FMVO" failures="0" tests="1" name="_3_JobBookig_Test.IFF_DATA_ENTRY" time="291.901" errors="0" timestamp="2023-05-05T10:10:38 IST" skipped="0">
  <testcase classname="_3_JobBookig_Test.IFF_DATA_ENTRY" name="data" time="291.901"/>
</testsuite> <!-- _3_JobBookig_Test.IFF_DATA_ENTRY -->
