<?xml version="1.0" encoding="UTF-8"?>
<!-- Generated by org.testng.reporters.JUnitReportReporter -->
<testsuite hostname="DESKTOP-VC8FMVO" failures="0" tests="17" name="_3_JobBookig_Test.Job1" time="402.652" errors="0" timestamp="2023-04-03T16:55:33 IST" skipped="0">
  <testcase classname="_3_JobBookig_Test.Job1" name="serviceDetailsTest" time="40.732"/>
  <testcase classname="_3_JobBookig_Test.Job1" name="destinationOperDetailsTest" time="22.097"/>
  <testcase classname="_3_JobBookig_Test.Job1" name="otherDetailsTest" time="23.996"/>
  <testcase classname="_3_JobBookig_Test.Job1" name="additionalTest" time="25.200"/>
  <testcase classname="_3_JobBookig_Test.Job1" name="cntrNoTest" time="22.420"/>
  <testcase classname="_3_JobBookig_Test.Job1" name="cntrTypeTest" time="21.775"/>
  <testcase classname="_3_JobBookig_Test.Job1" name="sealTest" time="20.902"/>
  <testcase classname="_3_JobBookig_Test.Job1" name="tareWtTest" time="20.494"/>
  <testcase classname="_3_JobBookig_Test.Job1" name="cargoWtTest" time="21.478"/>
  <testcase classname="_3_JobBookig_Test.Job1" name="VGMWtTest" time="24.185"/>
  <testcase classname="_3_JobBookig_Test.Job1" name="netWtTest" time="22.333"/>
  <testcase classname="_3_JobBookig_Test.Job1" name="conVolumeTest" time="20.747"/>
  <testcase classname="_3_JobBookig_Test.Job1" name="pkgTypeTest" time="21.445"/>
  <testcase classname="_3_JobBookig_Test.Job1" name="noOfUnitsTest" time="20.679"/>
  <testcase classname="_3_JobBookig_Test.Job1" name="remarksTest" time="25.815"/>
  <testcase classname="_3_JobBookig_Test.Job1" name="addBtn1Test" time="24.146"/>
  <testcase classname="_3_JobBookig_Test.Job1" name="vehiclePackingTest" time="24.208"/>
</testsuite> <!-- _3_JobBookig_Test.Job1 -->
